<?xml version="1.0" encoding="UTF-8"?>
<!-- Generated by org.testng.reporters.JUnitReportReporter -->
<testsuite hostname="DESKTOP-F3J6T35" failures="0" tests="1" name="tests.AppTest" time="5.375" errors="0" timestamp="2020-09-29T16:56:12 BST" skipped="0">
  <testcase classname="tests.AppTest" name="LoginToSauceDemoPortal" time="5.375"/>
  <system-out/>
</testsuite> <!-- tests.AppTest -->
